TN:
SF:/Users/wangxiaoyu/myDocuments/GarenUI/lib/button.tsx
FN:3,Button
FNF:1
FNH:1
FNDA:1,Button
DA:1,1
DA:4,1
DA:11,1
LF:3
LH:3
BRF:0
BRH:0
end_of_record
TN:
SF:/Users/wangxiaoyu/myDocuments/GarenUI/lib/index.tsx
FNF:0
FNH:0
DA:1,0
LF:1
LH:0
BRF:0
BRH:0
end_of_record
TN:
SF:/Users/wangxiaoyu/myDocuments/GarenUI/lib/helpers/classes.tsx
FN:1,classes
FNF:1
FNH:1
FNDA:7,classes
DA:1,28
DA:2,7
DA:5,2
LF:3
LH:3
BRF:0
BRH:0
end_of_record
TN:
SF:/Users/wangxiaoyu/myDocuments/GarenUI/lib/icon/icon.tsx
FN:11,(anonymous_0)
FNF:1
FNH:1
FNDA:2,(anonymous_0)
DA:1,1
DA:2,1
DA:3,1
DA:4,1
DA:5,1
DA:11,1
DA:12,2
DA:13,2
DA:22,1
LF:9
LH:9
BRF:0
BRH:0
end_of_record
